<?xml version="1.0" encoding="UTF-8"?>
<testng-results total="1" passed="1" failed="0" skipped="0">
  <reporter-output>
  </reporter-output>
  <suite started-at="2021-08-12T04:42:11Z" name="Default suite" finished-at="2021-08-12T04:43:31Z" duration-ms="79868">
    <groups>
    </groups>
    <test started-at="2021-08-12T04:42:11Z" name="Default test" finished-at="2021-08-12T04:43:31Z" duration-ms="79868">
      <class name="demo.DemosHybrid">
        <test-method is-config="true" signature="setUp()[pri:0, instance:demo.DemosHybrid@19e7a160]" started-at="2021-08-12T10:12:11Z" name="setUp" finished-at="2021-08-12T10:12:34Z" duration-ms="22883" status="PASS">
          <reporter-output>
          </reporter-output>
        </test-method> <!-- setUp -->
        <test-method signature="testCase4()[pri:0, instance:demo.DemosHybrid@19e7a160]" started-at="2021-08-12T10:12:34Z" name="testCase4" finished-at="2021-08-12T10:13:31Z" duration-ms="56955" status="PASS">
          <reporter-output>
          </reporter-output>
        </test-method> <!-- testCase4 -->
      </class> <!-- demo.DemosHybrid -->
    </test> <!-- Default test -->
  </suite> <!-- Default suite -->
</testng-results>
